<?xml version="1.0" encoding="UTF-8"?>
<!-- Generated by org.testng.reporters.JUnitXMLReporter -->
<testsuite ignored="0" hostname="DESKTOP-9R59LGC" failures="0" tests="3" name="Default test" time="57.283" errors="0" timestamp="2023-12-20T17:51:13 ICT">
  <testcase classname="seatech.uiTest.ibv.test.TestCreatetransaction247" name="TestCreateTransaction247Success_TC1" time="28.445"/>
  <testcase classname="seatech.uiTest.ibv.test.TestCreatetransaction247" name="TestCreateTransaction247Success_TC2" time="18.953"/>
  <testcase classname="seatech.uiTest.ibv.test.TestCreatetransaction247" name="TestCreateTransaction247Success_TC3" time="0.408"/>
</testsuite> <!-- Default test -->
